<?xml version="1.0" encoding="utf-8"?><testsuites name="pytest tests"><testsuite name="pytest" errors="0" failures="0" skipped="0" tests="3" time="1.408" timestamp="2026-08-26T18:38:04.051456+08:00" hostname="DESKTOP-VSPD0U7"><testcase classname="tests.api.test_fastapi_interfaces" name="test_backend_validate_rejects_removed_runtime_fields[completed_quantity]" time="0.113" /><testcase classname="tests.api.test_fastapi_interfaces" name="test_backend_validate_rejects_removed_runtime_fields[period_quantity]" time="0.022" /><testcase classname="tests.api.test_fastapi_interfaces" name="test_backend_validate_rejects_unknown_fields_with_422" time="0.022" /></testsuite></testsuites>